[    0.000000] Initializing cgroup subsys cpuset
[    0.000000] Initializing cgroup subsys cpu
[    0.000000] Initializing cgroup subsys cpuacct
[    0.000000] Linux version 4.4.0-210-generic (buildd@lgw01-amd64-009) (gcc version 5.4.0 20160609 (Ubuntu 5.4.0-6ubuntu1~16.04.12) ) #242-Ubuntu SMP Fri Apr 16 09:57:56 UTC 2021 (Ubuntu 4.4.0-210.242-generic 4.4.262)
[    0.000000] Command line: BOOT_IMAGE=/boot/vmlinuz-4.4.0-210-generic root=LABEL=cloudimg-rootfs ro console=tty1 console=ttyS0
[    0.000000] KERNEL supported cpus:
[    0.000000]   Intel GenuineIntel
[    0.000000]   AMD AuthenticAMD
[    0.000000]   Centaur CentaurHauls
[    0.000000] [Firmware Bug]: TSC doesn't count with P0 frequency!
[    0.000000] x86/fpu: xstate_offset[2]:  576, xstate_sizes[2]:  256
[    0.000000] x86/fpu: Supporting XSAVE feature 0x01: 'x87 floating point registers'
[    0.000000] x86/fpu: Supporting XSAVE feature 0x02: 'SSE registers'
[    0.000000] x86/fpu: Supporting XSAVE feature 0x04: 'AVX registers'
[    0.000000] x86/fpu: Enabled xstate features 0x7, context size is 832 bytes, using 'standard' format.
[    0.000000] e820: BIOS-provided physical RAM map:
[    0.000000] BIOS-e820: [mem 0x0000000000000000-0x000000000009fbff] usable
[    0.000000] BIOS-e820: [mem 0x000000000009fc00-0x000000000009ffff] reserved
[    0.000000] BIOS-e820: [mem 0x00000000000f0000-0x00000000000fffff] reserved
[    0.000000] BIOS-e820: [mem 0x0000000000100000-0x000000003ffeffff] usable
[    0.000000] BIOS-e820: [mem 0x000000003fff0000-0x000000003fffffff] ACPI data
[    0.000000] BIOS-e820: [mem 0x00000000fec00000-0x00000000fec00fff] reserved
[    0.000000] BIOS-e820: [mem 0x00000000fee00000-0x00000000fee00fff] reserved
[    0.000000] BIOS-e820: [mem 0x00000000fffc0000-0x00000000ffffffff] reserved
[    0.000000] NX (Execute Disable) protection: active
[    0.000000] SMBIOS 2.5 present.
[    0.000000] Hypervisor detected: KVM
[    0.000000] Kernel/User page tables isolation: disabled
[    0.000000] e820: last_pfn = 0x3fff0 max_arch_pfn = 0x400000000
[    0.000000] MTRR: Disabled
[    0.000000] x86/PAT: MTRRs disabled, skipping PAT initialization too.
[    0.000000] CPU MTRRs all blank - virtualized system.
[    0.000000] x86/PAT: Configuration [0-7]: WB  WT  UC- UC  WB  WT  UC- UC  
[    0.000000] found SMP MP-table at [mem 0x0009fff0-0x0009ffff] mapped at [ffff88000009fff0]
[    0.000000] Scanning 1 areas for low memory corruption
[    0.000000] RAMDISK: [mem 0x36146000-0x3709afff]
[    0.000000] ACPI: Early table checksum verification disabled
[    0.000000] ACPI: RSDP 0x00000000000E0000 000024 (v02 VBOX  )
[    0.000000] ACPI: XSDT 0x000000003FFF0030 00003C (v01 VBOX   VBOXXSDT 00000001 ASL  00000061)
[    0.000000] ACPI: FACP 0x000000003FFF00F0 0000F4 (v04 VBOX   VBOXFACP 00000001 ASL  00000061)
[    0.000000] ACPI: DSDT 0x000000003FFF0610 002353 (v02 VBOX   VBOXBIOS 00000002 INTL 20200925)
[    0.000000] ACPI: FACS 0x000000003FFF0200 000040
[    0.000000] ACPI: FACS 0x000000003FFF0200 000040
[    0.000000] ACPI: APIC 0x000000003FFF0240 00005C (v02 VBOX   VBOXAPIC 00000001 ASL  00000061)
[    0.000000] ACPI: SSDT 0x000000003FFF02A0 00036C (v01 VBOX   VBOXCPUT 00000002 INTL 20200925)
[    0.000000] No NUMA configuration found
[    0.000000] Faking a node at [mem 0x0000000000000000-0x000000003ffeffff]
[    0.000000] NODE_DATA(0) allocated [mem 0x3ffeb000-0x3ffeffff]
[    0.000000] kvm-clock: Using msrs 4b564d01 and 4b564d00
[    0.000000] kvm-clock: cpu 0, msr 0:3ffe3001, primary cpu clock
[    0.000000] kvm-clock: using sched offset of 3132196307 cycles
[    0.000000] clocksource: kvm-clock: mask: 0xffffffffffffffff max_cycles: 0x1cd42e4dffb, max_idle_ns: 881590591483 ns
[    0.000000] Zone ranges:
[    0.000000]   DMA      [mem 0x0000000000001000-0x0000000000ffffff]
[    0.000000]   DMA32    [mem 0x0000000001000000-0x000000003ffeffff]
[    0.000000]   Normal   empty
[    0.000000]   Device   empty
[    0.000000] Movable zone start for each node
[    0.000000] Early memory node ranges
[    0.000000]   node   0: [mem 0x0000000000001000-0x000000000009efff]
[    0.000000]   node   0: [mem 0x0000000000100000-0x000000003ffeffff]
[    0.000000] Initmem setup node 0 [mem 0x0000000000001000-0x000000003ffeffff]
[    0.000000] ACPI: PM-Timer IO Port: 0x4008
[    0.000000] IOAPIC[0]: apic_id 2, version 32, address 0xfec00000, GSI 0-23
[    0.000000] ACPI: INT_SRC_OVR (bus 0 bus_irq 0 global_irq 2 dfl dfl)
[    0.000000] ACPI: INT_SRC_OVR (bus 0 bus_irq 9 global_irq 9 low level)
[    0.000000] Using ACPI (MADT) for SMP configuration information
[    0.000000] smpboot: Allowing 2 CPUs, 0 hotplug CPUs
[    0.000000] PM: Registered nosave memory: [mem 0x00000000-0x00000fff]
[    0.000000] PM: Registered nosave memory: [mem 0x0009f000-0x0009ffff]
[    0.000000] PM: Registered nosave memory: [mem 0x000a0000-0x000effff]
[    0.000000] PM: Registered nosave memory: [mem 0x000f0000-0x000fffff]
[    0.000000] e820: [mem 0x40000000-0xfebfffff] available for PCI devices
[    0.000000] Booting paravirtualized kernel on KVM
[    0.000000] clocksource: refined-jiffies: mask: 0xffffffff max_cycles: 0xffffffff, max_idle_ns: 7645519600211568 ns
[    0.000000] setup_percpu: NR_CPUS:512 nr_cpumask_bits:512 nr_cpu_ids:2 nr_node_ids:1
[    0.000000] PERCPU: Embedded 33 pages/cpu @ffff88003fc00000 s95192 r8192 d31784 u1048576
[    0.000000] Built 1 zonelists in Node order, mobility grouping on.  Total pages: 257912
[    0.000000] Policy zone: DMA32
[    0.000000] Kernel command line: BOOT_IMAGE=/boot/vmlinuz-4.4.0-210-generic root=LABEL=cloudimg-rootfs ro console=tty1 console=ttyS0
[    0.000000] PID hash table entries: 4096 (order: 3, 32768 bytes)
[    0.000000] Memory: 996980K/1048120K available (8644K kernel code, 1332K rwdata, 4044K rodata, 1492K init, 1164K bss, 51140K reserved, 0K cma-reserved)
[    0.000000] SLUB: HWalign=64, Order=0-3, MinObjects=0, CPUs=2, Nodes=1
[    0.000000] Hierarchical RCU implementation.
[    0.000000] 	Build-time adjustment of leaf fanout to 64.
[    0.000000] 	RCU restricting CPUs from NR_CPUS=512 to nr_cpu_ids=2.
[    0.000000] RCU: Adjusting geometry for rcu_fanout_leaf=64, nr_cpu_ids=2
[    0.000000] NR_IRQS:33024 nr_irqs:440 16
[    0.000000] Console: colour VGA+ 80x25
[    0.000000] console [tty1] enabled
[    0.000000] console [ttyS0] enabled
[    0.000000] tsc: Detected 2595.124 MHz processor
[    0.154350] Calibrating delay loop (skipped) preset value.. 5190.24 BogoMIPS (lpj=10380496)
[    0.156025] pid_max: default: 32768 minimum: 301
[    0.157009] ACPI: Core revision 20150930
[    0.158665] ACPI: 2 ACPI AML tables successfully acquired and loaded
[    0.159924] Security Framework initialized
[    0.160764] Yama: becoming mindful.
[    0.161542] AppArmor: AppArmor initialized
[    0.162421] Dentry cache hash table entries: 131072 (order: 8, 1048576 bytes)
[    0.163780] Inode-cache hash table entries: 65536 (order: 7, 524288 bytes)
[    0.166339] Mount-cache hash table entries: 2048 (order: 2, 16384 bytes)
[    0.167507] Mountpoint-cache hash table entries: 2048 (order: 2, 16384 bytes)
[    0.168864] Initializing cgroup subsys io
[    0.169664] Initializing cgroup subsys memory
[    0.170734] Initializing cgroup subsys devices
[    0.171789] Initializing cgroup subsys freezer
[    0.172828] Initializing cgroup subsys net_cls
[    0.173789] Initializing cgroup subsys perf_event
[    0.174780] Initializing cgroup subsys net_prio
[    0.175739] Initializing cgroup subsys hugetlb
[    0.176755] Initializing cgroup subsys pids
[    0.210366] mce: CPU supports 0 MCE banks
[    0.211445] Last level iTLB entries: 4KB 1024, 2MB 1024, 4MB 512
[    0.212623] Last level dTLB entries: 4KB 2048, 2MB 2048, 4MB 1024, 1GB 0
[    0.213888] Spectre V1 : Mitigation: usercopy/swapgs barriers and __user pointer sanitization
[    0.216183] Spectre V2 : Spectre mitigation: LFENCE not serializing, switching to generic retpoline
[    0.218105] Spectre V2 : Mitigation: Full generic retpoline
[    0.219216] Spectre V2 : Spectre v2 / SpectreRSB mitigation: Filling RSB on context switch
[    0.222616] Freeing SMP alternatives memory: 36K
[    0.227409] ftrace: allocating 32380 entries in 127 pages
[    0.273745] smpboot: APIC(0) Converting physical 0 to logical package 0
[    0.275045] smpboot: Max logical packages: 1
[    0.276264] x2apic enabled
[    0.277258] Switched APIC routing to physical x2apic.
[    0.279511] ..TIMER: vector=0x30 apic1=0 pin1=2 apic2=-1 pin2=-1
[    0.388721] smpboot: CPU0: AMD Ryzen 3 5300U with Radeon Graphics (family: 0x17, model: 0x68, stepping: 0x1)
[    0.390756] Performance Events: Broken PMU hardware detected, using software events only.
[    0.392181] Failed to access perfctr msr (MSR c0010007 is 0)
[    0.397570] KVM setup paravirtual spinlock
[    0.399038] x86: Booting SMP configuration:
[    0.399886] .... node  #0, CPUs:      #1
[    0.400873] kvm-clock: cpu 1, msr 0:3ffe3041, secondary cpu clock
[    0.410977] mce: CPU supports 0 MCE banks
[    0.413994] x86: Booted up 1 node, 2 CPUs
[    0.414986] smpboot: Total of 2 processors activated (10380.49 BogoMIPS)
[    0.416541] devtmpfs: initialized
[    0.422016] evm: security.selinux
[    0.423537] evm: security.SMACK64
[    0.424948] evm: security.SMACK64EXEC
[    0.426514] evm: security.SMACK64TRANSMUTE
[    0.428168] evm: security.SMACK64MMAP
[    0.429764] evm: security.ima
[    0.431165] evm: security.capability
[    0.439566] clocksource: jiffies: mask: 0xffffffff max_cycles: 0xffffffff, max_idle_ns: 7645041785100000 ns
[    0.441394] futex hash table entries: 512 (order: 3, 32768 bytes)
[    0.442717] pinctrl core: initialized pinctrl subsystem
[    0.443870] RTC time: 17:01:08, date: 11/28/24
[    0.445082] NET: Registered protocol family 16
[    0.456646] cpuidle: using governor ladder
[    0.466188] cpuidle: using governor menu
[    0.467578] PCCT header not found.
[    0.468816] ACPI: bus type PCI registered
[    0.469693] acpiphp: ACPI Hot Plug PCI Controller Driver version: 0.5
[    0.471001] PCI: Using configuration type 1 for base access
[    0.472096] PCI: Using configuration type 1 for extended access
[    0.485380] ACPI: Added _OSI(Module Device)
[    0.486289] ACPI: Added _OSI(Processor Device)
[    0.487246] ACPI: Added _OSI(3.0 _SCP Extensions)
[    0.488226] ACPI: Added _OSI(Processor Aggregator Device)
[    0.489494] ACPI: Executed 1 blocks of module-level executable AML code
[    0.491821] ACPI: Interpreter enabled
[    0.492491] ACPI: (supports S0 S5)
[    0.493142] ACPI: Using IOAPIC for interrupt routing
[    0.494016] PCI: Using host bridge windows from ACPI; if necessary, use "pci=nocrs" and report a bug
[    0.497751] ACPI: PCI Root Bridge [PCI0] (domain 0000 [bus 00-ff])
[    0.498843] acpi PNP0A03:00: _OSC: OS supports [ExtendedConfig ASPM ClockPM Segments MSI]
[    0.500750] acpi PNP0A03:00: _OSC: platform does not support [PCIeCapability]
[    0.502202] acpi PNP0A03:00: _OSC: not requesting control; platform does not support [PCIeCapability]
[    0.503910] acpi PNP0A03:00: _OSC: OS requested [PCIeHotplug PME AER PCIeCapability]
[    0.505424] acpi PNP0A03:00: _OSC: platform willing to grant [PCIeHotplug PME AER]
[    0.506931] acpi PNP0A03:00: _OSC failed (AE_SUPPORT); disabling ASPM
[    0.508230] PCI host bridge to bus 0000:00
[    0.509046] pci_bus 0000:00: root bus resource [io  0x0000-0x0cf7 window]
[    0.510200] pci_bus 0000:00: root bus resource [io  0x0d00-0xffff window]
[    0.511384] pci_bus 0000:00: root bus resource [mem 0x000a0000-0x000bffff window]
[    0.523589] pci_bus 0000:00: root bus resource [mem 0x40000000-0xfdffffff window]
[    0.525029] pci_bus 0000:00: root bus resource [bus 00-ff]
[    0.526974] pci 0000:00:01.1: legacy IDE quirk: reg 0x10: [io  0x01f0-0x01f7]
[    0.528238] pci 0000:00:01.1: legacy IDE quirk: reg 0x14: [io  0x03f6]
[    0.529366] pci 0000:00:01.1: legacy IDE quirk: reg 0x18: [io  0x0170-0x0177]
[    0.530585] pci 0000:00:01.1: legacy IDE quirk: reg 0x1c: [io  0x0376]
[    0.544804] pci 0000:00:07.0: quirk: [io  0x4000-0x403f] claimed by PIIX4 ACPI
[    0.546328] pci 0000:00:07.0: quirk: [io  0x4100-0x410f] claimed by PIIX4 SMB
[    0.552654] ACPI: PCI Interrupt Link [LNKA] (IRQs 5 9 10 *11)
[    0.554269] ACPI: PCI Interrupt Link [LNKB] (IRQs 5 9 *10 11)
[    0.555673] ACPI: PCI Interrupt Link [LNKC] (IRQs 5 *9 10 11)
[    0.557094] ACPI: PCI Interrupt Link [LNKD] (IRQs 5 9 10 *11)
[    0.558583] ACPI: Enabled 2 GPEs in block 00 to 07
[    0.559857] vgaarb: setting as boot device: PCI:0000:00:02.0
[    0.560908] vgaarb: device added: PCI:0000:00:02.0,decodes=io+mem,owns=io+mem,locks=none
[    0.562475] vgaarb: loaded
[    0.563123] vgaarb: bridge control possible 0000:00:02.0
[    0.564333] SCSI subsystem initialized
[    0.565309] ACPI: bus type USB registered
[    0.566971] usbcore: registered new interface driver usbfs
[    0.568988] usbcore: registered new interface driver hub
[    0.570945] usbcore: registered new device driver usb
[    0.573076] PCI: Using ACPI for IRQ routing
[    0.575134] NetLabel: Initializing
[    0.576615] NetLabel:  domain hash size = 128
[    0.578404] NetLabel:  protocols = UNLABELED CIPSOv4
[    0.580333] NetLabel:  unlabeled traffic allowed by default
[    0.582697] amd_nb: Cannot enumerate AMD northbridges
[    0.584643] clocksource: Switched to clocksource kvm-clock
[    0.617053] AppArmor: AppArmor Filesystem Enabled
[    0.619061] pnp: PnP ACPI init
[    0.621518] pnp: PnP ACPI: found 3 devices
[    0.631197] clocksource: acpi_pm: mask: 0xffffff max_cycles: 0xffffff, max_idle_ns: 2085701024 ns
[    0.633488] NET: Registered protocol family 2
[    0.634577] TCP established hash table entries: 8192 (order: 4, 65536 bytes)
[    0.635822] TCP bind hash table entries: 8192 (order: 5, 131072 bytes)
[    0.636991] TCP: Hash tables configured (established 8192 bind 8192)
[    0.638140] UDP hash table entries: 512 (order: 2, 16384 bytes)
[    0.639213] UDP-Lite hash table entries: 512 (order: 2, 16384 bytes)
[    0.640452] NET: Registered protocol family 1
[    0.641360] pci 0000:00:00.0: Limiting direct PCI/PCI transfers
[    0.642411] pci 0000:00:01.0: Activating ISA DMA hang workarounds
[    0.646332] Unpacking initramfs...
[    0.888259] Freeing initrd memory: 15700K
[    0.889256] clocksource: tsc: mask: 0xffffffffffffffff max_cycles: 0x25683d9e828, max_idle_ns: 440795202126 ns
[    0.891067] platform rtc_cmos: registered platform RTC device (no PNP device found)
[    0.892651] Scanning for low memory corruption every 60 seconds
[    0.894161] audit: initializing netlink subsys (disabled)
[    0.896073] audit: type=2000 audit(1732813273.607:1): initialized
[    0.898651] Initialise system trusted keyring
[    0.900528] HugeTLB registered 2 MB page size, pre-allocated 0 pages
[    0.904583] zbud: loaded
[    0.906266] VFS: Disk quotas dquot_6.6.0
[    0.907119] VFS: Dquot-cache hash table entries: 512 (order 0, 4096 bytes)
[    0.908449] squashfs: version 4.0 (2009/01/31) Phillip Lougher
[    0.909737] fuse init (API version 7.23)
[    0.910650] Key type big_key registered
[    0.911444] Allocating IMA MOK and blacklist keyrings.
[    0.912972] Key type asymmetric registered
[    0.913807] Asymmetric key parser 'x509' registered
[    0.914735] Block layer SCSI generic (bsg) driver version 0.4 loaded (major 249)
[    0.916216] io scheduler noop registered
[    0.917052] io scheduler deadline registered (default)
[    0.918074] io scheduler cfq registered
[    0.918953] pci_hotplug: PCI Hot Plug PCI Core version: 0.5
[    0.919966] pciehp: PCI Express Hot Plug Controller Driver version: 0.4
[    0.921251] ACPI: AC Adapter [AC] (off-line)
[    0.922134] input: Power Button as /devices/LNXSYSTM:00/LNXPWRBN:00/input/input0
[    0.923605] ACPI: Power Button [PWRF]
[    0.924445] input: Sleep Button as /devices/LNXSYSTM:00/LNXSLPBN:00/input/input1
[    0.925935] ACPI: Sleep Button [SLPF]
[    0.926842] GHES: HEST is not enabled!
[    0.927179] ACPI: Battery Slot [BAT0] (battery present)
[    0.928725] Serial: 8250/16550 driver, 32 ports, IRQ sharing enabled
[    0.950127] 00:02: ttyS0 at I/O 0x3f8 (irq = 4, base_baud = 115200) is a 16550A
[    0.952916] Linux agpgart interface v0.103
[    0.959003] loop: module loaded
[    0.960257] scsi host0: ata_piix
[    0.961201] scsi host1: ata_piix
[    0.962883] ata1: PATA max UDMA/33 cmd 0x1f0 ctl 0x3f6 bmdma 0xd000 irq 14
[    0.965464] ata2: PATA max UDMA/33 cmd 0x170 ctl 0x376 bmdma 0xd008 irq 15
[    0.968214] libphy: Fixed MDIO Bus: probed
[    0.969838] tun: Universal TUN/TAP device driver, 1.6
[    0.971566] tun: (C) 1999-2004 Max Krasnyansky <maxk@qualcomm.com>
[    0.973980] PPP generic driver version 2.4.2
[    0.975785] ehci_hcd: USB 2.0 'Enhanced' Host Controller (EHCI) Driver
[    0.977946] ehci-pci: EHCI PCI platform driver
[    0.979651] ehci-platform: EHCI generic platform driver
[    0.981516] ohci_hcd: USB 1.1 'Open' Host Controller (OHCI) Driver
[    0.983619] ohci-pci: OHCI PCI platform driver
[    0.985343] ohci-platform: OHCI generic platform driver
[    0.987204] uhci_hcd: USB Universal Host Controller Interface driver
[    0.989504] i8042: PNP: PS/2 Controller [PNP0303:PS2K,PNP0f03:PS2M] at 0x60,0x64 irq 1,12
[    0.993322] serio: i8042 KBD port at 0x60,0x64 irq 1
[    0.995058] serio: i8042 AUX port at 0x60,0x64 irq 12
[    0.997187] mousedev: PS/2 mouse device common for all mice
[    0.999650] input: AT Translated Set 2 keyboard as /devices/platform/i8042/serio0/input/input2
[    1.003135] rtc_cmos rtc_cmos: rtc core: registered rtc_cmos as rtc0
[    1.004869] rtc_cmos rtc_cmos: alarms up to one day, 114 bytes nvram
[    1.005961] i2c /dev entries driver
[    1.006726] device-mapper: uevent: version 1.0.3
[    1.007701] device-mapper: ioctl: 4.34.0-ioctl (2015-10-28) initialised: dm-devel@redhat.com
[    1.009263] ledtrig-cpu: registered to indicate activity on CPUs
[    1.010711] NET: Registered protocol family 10
[    1.011851] NET: Registered protocol family 17
[    1.012807] Key type dns_resolver registered
[    1.014025] registered taskstats version 1
[    1.014836] Loading compiled-in X.509 certificates
[    1.016180] Loaded X.509 cert 'Build time autogenerated kernel key: cf00e047681d67edb2720680708b7d9498083038'
[    1.018054] zswap: loaded using pool lzo/zbud
[    1.021663] Key type trusted registered
[    1.026665] Key type encrypted registered
[    1.027558] AppArmor: AppArmor sha1 policy hashing enabled
[    1.028614] ima: No TPM chip found, activating TPM-bypass!
[    1.029717] ima: Allocated hash algorithm: sha1
[    1.030610] evm: HMAC attrs: 0x1
[    1.031558]   Magic number: 0:900:37
[    1.033132] bdi 7:2: hash matches
[    1.034608] rtc_cmos rtc_cmos: setting system clock to 2024-11-28 17:01:09 UTC (1732813269)
[    1.037944] BIOS EDD facility v0.16 2004-Jun-25, 0 devices found
[    1.040057] EDD information not available.
[    1.881542] Freeing unused kernel memory: 1492K
[    1.883075] Write protecting the kernel read-only data: 14336k
[    1.885135] Freeing unused kernel memory: 1584K
[    1.886346] Freeing unused kernel memory: 52K
Loading, please wait...
starting version 229
[    1.899694] random: systemd-udevd: uninitialized urandom read (16 bytes read, 3 bits of entropy available)
[    1.900580] random: udevadm: uninitialized urandom read (16 bytes read, 3 bits of entropy available)
[    1.900611] random: udevadm: uninitialized urandom read (16 bytes read, 3 bits of entropy available)
[    1.905933] random: systemd-udevd: uninitialized urandom read (16 bytes read, 3 bits of entropy available)
[    1.907758] random: systemd-udevd: uninitialized urandom read (16 bytes read, 3 bits of entropy available)
[    1.909638] random: systemd-udevd: uninitialized urandom read (16 bytes read, 3 bits of entropy available)
[    1.909995] random: udevadm: uninitialized urandom read (16 bytes read, 3 bits of entropy available)
[    1.910059] random: udevadm: uninitialized urandom read (16 bytes read, 3 bits of entropy available)
[    1.910227] random: udevadm: uninitialized urandom read (16 bytes read, 3 bits of entropy available)
[    1.910290] random: udevadm: uninitialized urandom read (16 bytes read, 3 bits of entropy available)
[    1.945307] Fusion MPT base driver 3.04.20
[    1.946144] Copyright (c) 1999-2008 LSI Corporation
[    1.947069] e1000: Intel(R) PRO/1000 Network Driver - version 7.3.21-k8-NAPI
[    1.948162] e1000: Copyright (c) 1999-2006 Intel Corporation.
[    1.951074] Fusion MPT SPI Host driver 3.04.20
[    1.990778] AVX2 version of gcm_enc/dec engaged.
[    1.991693] AES CTR mode by8 optimization enabled
[    2.161190] input: ImExPS/2 Generic Explorer Mouse as /devices/platform/i8042/serio1/input/input4
[    2.300663] e1000 0000:00:03.0 eth0: (PCI:33MHz:32-bit) 02:be:82:6b:cc:1d
[    2.301772] e1000 0000:00:03.0 eth0: Intel(R) PRO/1000 Network Connection
[    2.303644] mptbase: ioc0: Initiating bringup
[    2.304346] e1000 0000:00:03.0 enp0s3: renamed from eth0
[    2.940085] ioc0: LSI53C1030 A0: Capabilities={Initiator}
[    4.999885] scsi host2: ioc0: LSI53C1030 A0, FwRev=00000000h, Ports=1, MaxQ=256, IRQ=20
[    6.918835] scsi 2:0:0:0: Direct-Access     VBOX     HARDDISK         1.0  PQ: 0 ANSI: 5
[    6.923207] scsi target2:0:0: Beginning Domain Validation
[    6.957781] scsi target2:0:0: Domain Validation skipping write tests
[    6.960813] scsi target2:0:0: Ending Domain Validation
[    6.963485] scsi target2:0:0: asynchronous
[    6.966390] scsi 2:0:1:0: Direct-Access     VBOX     HARDDISK         1.0  PQ: 0 ANSI: 5
[    6.970554] scsi target2:0:1: Beginning Domain Validation
[    6.974620] scsi target2:0:1: Domain Validation skipping write tests
[    6.977492] scsi target2:0:1: Ending Domain Validation
[    6.980067] scsi target2:0:1: asynchronous
[    6.990092] sd 2:0:0:0: Attached scsi generic sg0 type 0
[    6.991141] sd 2:0:0:0: [sda] 83886080 512-byte logical blocks: (42.9 GB/40.0 GiB)
[    6.994322] sd 2:0:1:0: [sdb] 20480 512-byte logical blocks: (10.5 MB/10.0 MiB)
[    6.995882] sd 2:0:1:0: [sdb] Write Protect is off
[    6.996111] sd 2:0:0:0: [sda] Write Protect is off
[    6.997811] sd 2:0:0:0: [sda] Incomplete mode parameter data
[    6.997860] sd 2:0:1:0: [sdb] Incomplete mode parameter data
[    6.997861] sd 2:0:1:0: [sdb] Assuming drive cache: write through
[    7.001598] sd 2:0:1:0: Attached scsi generic sg1 type 0
[    7.003839] sd 2:0:1:0: [sdb] Attached SCSI disk
[    7.007588] sd 2:0:0:0: [sda] Assuming drive cache: write through
[    7.011053]  sda: sda1
[    7.012937] sd 2:0:0:0: [sda] Attached SCSI disk
Begin: Loading essential drivers ... [    8.881707] md: linear personality registered for level -1
[    8.884434] md: multipath personality registered for level -4
[    8.887231] md: raid0 personality registered for level 0
[    8.891106] md: raid1 personality registered for level 1
[    8.960787] raid6: sse2x1   gen()  7367 MB/s
[    9.028733] raid6: sse2x1   xor()  7042 MB/s
[    9.096703] raid6: sse2x2   gen() 13533 MB/s
[    9.164765] raid6: sse2x2   xor()  9688 MB/s
[    9.232784] raid6: sse2x4   gen() 14361 MB/s
[    9.300741] raid6: sse2x4   xor()  6942 MB/s
[    9.368736] raid6: avx2x1   gen() 16405 MB/s
[    9.436769] raid6: avx2x2   gen() 24366 MB/s
[    9.504708] raid6: avx2x4   gen() 28422 MB/s
[    9.505719] raid6: using algorithm avx2x4 gen() 28422 MB/s
[    9.506793] raid6: using avx2x2 recovery algorithm
[    9.508774] xor: automatically using best checksumming function:
[    9.548663]    avx       : 14487.000 MB/sec
[    9.550384] async_tx: api initialized (async)
[    9.556719] md: raid6 personality registered for level 6
[    9.557736] md: raid5 personality registered for level 5
[    9.558707] md: raid4 personality registered for level 4
[    9.563591] md: raid10 personality registered for level 10
done.
Begin: Running /scripts/init-premount ... done.
Begin: Mounting root file system ... Begin: Running /scripts/local-top ... done.
Begin: Running /scripts/local-premount ... [    9.586485] Btrfs loaded
Scanning for Btrfs filesystems
done.
Begin: Will now check root file system ... fsck from util-linux 2.27.1
[/sbin/fsck.ext4 (1) -- /dev/sda1] fsck.ext4 -a -C0 /dev/sda1 
cloudimg-rootfs: recovering journal
cloudimg-rootfs: clean, 74156/5120000 files, 703811/10485499 blocks
done.
[    9.643460] EXT4-fs (sda1): mounted filesystem with ordered data mode. Opts: (null)
done.
Begin: Running /scripts/local-bottom ... done.
Begin: Running /scripts/init-bottom ... done.
[    9.720613] systemd[1]: systemd 229 running in system mode. (+PAM +AUDIT +SELINUX +IMA +APPARMOR +SMACK +SYSVINIT +UTMP +LIBCRYPTSETUP +GCRYPT +GNUTLS +ACL +XZ -LZ4 +SECCOMP +BLKID +ELFUTILS +KMOD -IDN)
[    9.723069] systemd[1]: Detected virtualization oracle.
[    9.724251] systemd[1]: Detected architecture x86-64.

Welcome to [1mUbuntu 16.04.7 LTS[0m!

[    9.727647] systemd[1]: Set hostname to <ubuntu-xenial>.
[    9.839386] systemd[1]: Reached target System Time Synchronized.
[[0;32m  OK  [0m] Reached target System Time Synchronized.
[    9.841064] systemd[1]: Listening on udev Control Socket.
[[0;32m  OK  [0m] Listening on udev Control Socket.
[    9.848953] systemd[1]: Listening on Syslog Socket.
[[0;32m  OK  [0m] Listening on Syslog Socket.
[    9.857105] systemd[1]: Set up automount Arbitrary Executable File Formats File System Automount Point.
[[0;32m  OK  [0m] Set up automount Arbitrary Executab...ats File System Automount Point.
[    9.864884] systemd[1]: Listening on LVM2 poll daemon socket.
[[0;32m  OK  [0m] Listening on LVM2 poll daemon socket.
[    9.872952] systemd[1]: Started Trigger resolvconf update for networkd DNS.
[[0;32m  OK  [0m] Started Trigger resolvconf update for networkd DNS.
[    9.881072] systemd[1]: Listening on LVM2 metadata daemon socket.
[[0;32m  OK  [0m] Listening on LVM2 metadata daemon socket.
[    9.883005] systemd[1]: Reached target Encrypted Volumes.
[[0;32m  OK  [0m] Reached target Encrypted Volumes.
[    9.884509] systemd[1]: Started Forward Password Requests to Wall Directory Watch.
[[0;32m  OK  [0m] Started Forward Password Requests to Wall Directory Watch.
[    9.892943] systemd[1]: Listening on fsck to fsckd communication Socket.
[[0;32m  OK  [0m] Listening on fsck to fsckd communication Socket.
[    9.894665] systemd[1]: Created slice User and Session Slice.
[[0;32m  OK  [0m] Created slice User and Session Slice.
[    9.900872] systemd[1]: Reached target Swap.
[[0;32m  OK  [0m] Reached target Swap.
[    9.902284] systemd[1]: Listening on Journal Socket.
[[0;32m  OK  [0m] Listening on Journal Socket.
[    9.903917] systemd[1]: Listening on Journal Audit Socket.
[[0;32m  OK  [0m] Listening on Journal Audit Socket.
[    9.905481] systemd[1]: Reached target User and Group Name Lookups.
[[0;32m  OK  [0m] Reached target User and Group Name Lookups.
[    9.906960] systemd[1]: Listening on /dev/initctl Compatibility Named Pipe.
[[0;32m  OK  [0m] Listening on /dev/initctl Compatibility Named Pipe.
[    9.916875] systemd[1]: Listening on Device-mapper event daemon FIFOs.
[[0;32m  OK  [0m] Listening on Device-mapper event daemon FIFOs.
[    9.924811] systemd[1]: Listening on Journal Socket (/dev/log).
[[0;32m  OK  [0m] Listening on Journal Socket (/dev/log).
[    9.933586] systemd[1]: Created slice System Slice.
[[0;32m  OK  [0m] Created slice System Slice.
[    9.960812] systemd[1]: Starting Journal Service...
         Starting Journal Service...
[    9.964662] systemd[1]: Starting Load Kernel Modules...
         Starting Load Kernel Modules...
[    9.966636] systemd[1]: Mounting POSIX Message Queue File System...
         Mounting POSIX Message Queue File System...
[    9.968615] systemd[1]: Mounting Huge Pages File System...
         Mounting Huge Pages File System...
[    9.974695] Loading iSCSI transport class v2.0-870.
[    9.977319] systemd[1]: Starting Nameserver information manager...
         Starting Nameserver information manager...
[    9.982766] iscsi: registered transport (tcp)
[    9.985063] systemd[1]: Created slice system-serial\x2dgetty.slice.
[[0;32m  OK  [0m] Created slice system-serial\x2dgetty.slice.
[    9.986535] systemd[1]: Reached target Slices.
[[0;32m  OK  [0m] Reached target Slices.
[    9.993426] systemd[1]: Starting Uncomplicated firewall...
         Starting Uncomplicated firewall...
[    9.995421] systemd[1]: Starting Monitoring of LVM2 mirrors, snapshots etc. using dmeventd or progress polling...
         Starting Monitoring of LVM2 mirrors... dmeventd or progress polling...
[    9.999992] systemd[1]: Starting Create list of required static device nodes for the current kernel...
         Starting Create list of required st... nodes for the current kernel...
[   10.003147] systemd[1]: Starting Set console keymap...
         Starting Set console keymap...
[   10.005717] systemd[1]: Starting Remount Root and Kernel File Systems...
         Starting Remount Root and Kernel File Systems...
[   10.009625] systemd[1]: Mounting Debug File System...
         Mounting Debug File System...
[   10.011379] systemd[1]: Listening on udev Kernel Socket.
[[0;32m  OK  [0m] Listening on udev Kernel Socket.
[   10.013864] systemd[1]: Mounted Huge Pages File System.
[   10.014182] EXT4-fs (sda1): re-mounted. Opts: (null)
[[0;32m  OK  [0m] Mounted Huge Pages File System.
[   10.016760] systemd[1]: Mounted POSIX Message Queue File System.
[[0;32m  OK  [0m] Mounted POSIX Message Queue File System.
[   10.018410] iscsi: registered transport (iser)
[   10.018724] systemd[1]: Mounted Debug File System.
[[0;32m  OK  [0m] Mounted Debug File System.
[   10.022257] systemd[1]: Started Journal Service.
[[0;32m  OK  [0m] Started Journal Service.
[[0;32m  OK  [0m] Started Load Kernel Modules.
[[0;32m  OK  [0m] Started Uncomplicated firewall.
[[0;32m  OK  [0m] Started Create list of required sta...ce nodes for the current kernel.
[[0;32m  OK  [0m] Started Remount Root and Kernel File Systems.
[[0;32m  OK  [0m] Started Nameserver information manager.
         Starting Load/Save Random Seed...
         Starting udev Coldplug all Devices...
         Starting Create Static Device Nodes in /dev...
         Starting Apply Kernel Variables...
         Mounting FUSE Control File System...
         Starting Flush Journal to Persistent Storage...
[[0;32m  OK  [0m] Mounted FUSE Control File System.
[[0;32m  OK  [0m] Started Load/Save Random Seed.
[   10.056930] systemd-journald[376]: Received request to flush runtime journal from PID 1
[[0;32m  OK  [0m] Started Flush Journal to Persistent Storage.
[[0;32m  OK  [0m] Started Apply Kernel Variables.
[[0;32m  OK  [0m] Started Create Static Device Nodes in /dev.
[[0;32m  OK  [0m] Started LVM2 metadata daemon.
         Starting udev Kernel Device Manager...
[[0;32m  OK  [0m] Started Set console keymap.
[[0;32m  OK  [0m] Started udev Coldplug all Devices.
[[0;32m  OK  [0m] Started udev Kernel Device Manager.
[[0;32m  OK  [0m] Started Dispatch Password Requests to Console Directory Watch.
[[0;32m  OK  [0m] Found device /dev/ttyS0.
[[0;32m  OK  [0m] Listening on Load/Save RF Kill Switch Status /dev/rfkill Watch.
[[0;32m  OK  [0m] Found device 82540EM Gigabit Ethern...r (PRO/1000 MT Desktop Adapter).
[[0;32m  OK  [0m] Started Monitoring of LVM2 mirrors,...ng dmeventd or progress polling.
[[0;32m  OK  [0m] Reached target Local File Systems (Pre).
[[0;32m  OK  [0m] Reached target Local File Systems.
         Starting Set console font and keymap...
         Starting Tell Plymouth To Write Out Runtime Data...
         Starting LSB: AppArmor initialization...
         Starting Create Volatile Files and Directories...
         Starting Initial cloud-init job (pre-networking)...
[[0;32m  OK  [0m] Started Tell Plymouth To Write Out Runtime Data.
[[0;32m  OK  [0m] Started Create Volatile Files and Directories.
         Starting Update UTMP about System Boot/Shutdown...
[[0;32m  OK  [0m] Started Update UTMP about System Boot/Shutdown.
[[0;32m  OK  [0m] Started LSB: AppArmor initialization.
         Starting Load AppArmor profiles managed internally by snapd...
[[0;32m  OK  [0m] Started Load AppArmor profiles managed internally by snapd.
[[0;32m  OK  [0m] Started Set console font and keymap.
[[0;32m  OK  [0m] Created slice system-getty.slice.
[   11.762075] cloud-init[655]: Cloud-init v. 21.1-19-gbad84ad4-0ubuntu1~16.04.2 running 'init-local' at Thu, 28 Nov 2024 17:01:20 +0000. Up 11.43 seconds.
[[0;32m  OK  [0m] Started Initial cloud-init job (pre-networking).
[[0;32m  OK  [0m] Reached target Network (Pre).
         Starting Raise network interfaces...
[[0;32m  OK  [0m] Started ifup for enp0s3.
[[0;32m  OK  [0m] Started Raise network interfaces.
[[0;32m  OK  [0m] Reached target Network.
         Starting Initial cloud-init job (metadata service crawler)...
[   12.734151] cloud-init[984]: Cloud-init v. 21.1-19-gbad84ad4-0ubuntu1~16.04.2 running 'init' at Thu, 28 Nov 2024 17:01:21 +0000. Up 12.40 seconds.
[   12.735578] cloud-init[984]: ci-info: ++++++++++++++++++++++++++++++++++++++Net device info++++++++++++++++++++++++++++++++++++++
[   12.736818] cloud-init[984]: ci-info: +--------+------+----------------------------+---------------+--------+-------------------+
[   12.737892] cloud-init[984]: ci-info: | Device |  Up  |          Address           |      Mask     | Scope  |     Hw-Address    |
[   12.738931] cloud-init[984]: ci-info: +--------+------+----------------------------+---------------+--------+-------------------+
[   12.739977] cloud-init[984]: ci-info: | enp0s3 | True |         10.0.2.15          | 255.255.255.0 | global | 02:be:82:6b:cc:1d |
[   12.741125] cloud-init[984]: ci-info: | enp0s3 | True | fe80::be:82ff:fe6b:cc1d/64 |       .       |  link  | 02:be:82:6b:cc:1d |
[   12.742231] cloud-init[984]: ci-info: |   lo   | True |         127.0.0.1          |   255.0.0.0   |  host  |         .         |
[   12.743243] cloud-init[984]: ci-info: |   lo   | True |          ::1/128           |       .       |  host  |         .         |
[   12.744460] cloud-init[984]: ci-info: +--------+------+----------------------------+---------------+--------+-------------------+
[   12.752545] cloud-init[984]: ci-info: +++++++++++++++++++++++++++Route IPv4 info++++++++++++++++++++++++++++
[   12.754805] cloud-init[984]: ci-info: +-------+-------------+----------+---------------+-----------+-------+
[   12.762627] cloud-init[984]: ci-info: | Route | Destination | Gateway  |    Genmask    | Interface | Flags |
[   12.763634] cloud-init[984]: ci-info: +-------+-------------+----------+---------------+-----------+-------+
[   12.765565] cloud-init[984]: ci-info: |   0   |   0.0.0.0   | 10.0.2.2 |    0.0.0.0    |   enp0s3  |   UG  |
[   12.766589] cloud-init[984]: ci-info: |   1   |   10.0.2.0  | 0.0.0.0  | 255.255.255.0 |   enp0s3  |   U   |
[   12.767675] cloud-init[984]: ci-info: +-------+-------------+----------+---------------+-----------+-------+
[   12.768716] cloud-init[984]: ci-info: +++++++++++++++++++Route IPv6 info+++++++++++++++++++
[   12.769574] cloud-init[984]: ci-info: +-------+-------------+---------+-----------+-------+
[   12.770503] cloud-init[984]: ci-info: | Route | Destination | Gateway | Interface | Flags |
[   12.771474] cloud-init[984]: ci-info: +-------+-------------+---------+-----------+-------+
[   12.772384] cloud-init[984]: ci-info: |   0   |  fe80::/64  |    ::   |   enp0s3  |   U   |
[   12.773247] cloud-init[984]: ci-info: |   3   |   ff00::/8  |    ::   |   enp0s3  |   U   |
[   12.775514] cloud-init[984]: ci-info: +-------+-------------+---------+-----------+-------+
[[0;32m  OK  [0m] Started Initial cloud-init job (metadata service crawler).
[[0;32m  OK  [0m] Reached target Cloud-config availability.
[[0;32m  OK  [0m] Reached target System Initialization.
[[0;32m  OK  [0m] Started Daily apt download activities.
[[0;32m  OK  [0m] Started Ubuntu Advantage update messaging.
[[0;32m  OK  [0m] Listening on UUID daemon activation socket.
[[0;32m  OK  [0m] Started Daily apt upgrade and clean activities.
[[0;32m  OK  [0m] Started Message of the Day.
         Starting Socket activation for snappy daemon.
[[0;32m  OK  [0m] Listening on D-Bus System Message Bus Socket.
[[0;32m  OK  [0m] Listening on ACPID Listen Socket.
[[0;32m  OK  [0m] Started Daily Cleanup of Temporary Directories.
[[0;32m  OK  [0m] Reached target Timers.
[[0;32m  OK  [0m] Started ACPI Events Check.
[[0;32m  OK  [0m] Reached target Paths.
         Starting LXD - unix socket.
[[0;32m  OK  [0m] Reached target Network is Online.
         Starting iSCSI initiator daemon (iscsid)...
[[0;32m  OK  [0m] Listening on Socket activation for snappy daemon.
[[0;32m  OK  [0m] Listening on LXD - unix socket.
[[0;32m  OK  [0m] Reached target Sockets.
[[0;32m  OK  [0m] Reached target Basic System.
         Starting Ubuntu Advantage APT and MOTD Messages...
         Starting System Logging Service...
         Starting Accounts Service...
[[0;32m  OK  [0m] Started ACPI event daemon.
[[0;32m  OK  [0m] Started D-Bus System Message Bus.
         Starting LSB: Record successful boot for GRUB...
         Starting LXD - container startup/shutdown...
         Starting Login Service...
         Starting Virtualbox guest utils...
[[0;32m  OK  [0m] Started FUSE filesystem for LXC.
[[0;32m  OK  [0m] Started Regular background program processing daemon.
         Starting Snap Daemon...
         Starting /etc/rc.local Compatibility...
         Starting OpenBSD Secure Shell server...
         Starting LSB: MD monitoring daemon...
[[0;32m  OK  [0m] Started Deferred execution scheduler.
         Starting Message of the Day...
[[0;32m  OK  [0m] Started System Logging Service.
[[0;32m  OK  [0m] Started iSCSI initiator daemon (iscsid).
[[0;32m  OK  [0m] Started /etc/rc.local Compatibility.
[[0;32m  OK  [0m] Started Message of the Day.
         Starting Authenticate and Authorize Users to Run Privileged Tasks...
         Starting Login to default iSCSI targets...
[[0;32m  OK  [0m] Started Login Service.
[[0;32m  OK  [0m] Started Unattended Upgrades Shutdown.
[[0;32m  OK  [0m] Started Login to default iSCSI targets.
[[0;32m  OK  [0m] Reached target Remote File Systems (Pre).
         Mounting /vagrant...
[[0;32m  OK  [0m] Started LSB: Record successful boot for GRUB.
[[0;1;31mFAILED[0m] Failed to mount /vagrant.
See 'systemctl status vagrant.mount' for details.
[[0;1;33mDEPEND[0m] Dependency failed for Remote File Systems.
         Starting Permit User Sessions...
         Starting LSB: automatic crash report generation...
         Starting LSB: daemon to balance interrupts for SMP systems...
         Starting LSB: Set the CPU Frequency Scaling governor to "ondemand"...
[[0;32m  OK  [0m] Started LSB: MD monitoring daemon.
[[0;32m  OK  [0m] Started Permit User Sessions.
[[0;32m  OK  [0m] Started Authenticate and Authorize Users to Run Privileged Tasks.
[[0;32m  OK  [0m] Started Accounts Service.
         Starting Hold until boot process finishes up...
         Starting Terminate Plymouth Boot Screen...
[[0;32m  OK  [0m] Started OpenBSD Secure Shell server.
[[0;32m  OK  [0m] Started Hold until boot process finishes up.
[[0;32m  OK  [0m] Started Getty on tty1.
[[0;32m  OK  [0m] Started Serial Getty on ttyS0.
[[0;32m  OK  [0m] Reached target Login Prompts.
         Starting Set console scheme...
[[0;32m  OK  [0m] Started LSB: daemon to balance interrupts for SMP systems.
[[0;32m  OK  [0m] Started Terminate Plymouth Boot Screen.
[[0;32m  OK  [0m] Started LSB: Set the CPU Frequency Scaling governor to "ondemand".
[[0;32m  OK  [0m] Started Set console scheme.
[[0;32m  OK  [0m] Started LSB: automatic crash report generation.
[[0;32m  OK  [0m] Started Virtualbox guest utils.
[[0;32m  OK  [0m] Started LXD - container startup/shutdown.
[[0;32m  OK  [0m] Created slice User Slice of vagrant.
[[0;32m  OK  [0m] Started Snap Daemon.
[[0;32m  OK  [0m] Started Session 1 of user vagrant.
         Starting Wait until snapd is fully seeded...
         Starting User Manager for UID 1000...
[[0;32m  OK  [0m] Started User Manager for UID 1000.
[[0;32m  OK  [0m] Started Wait until snapd is fully seeded.
         Starting Apply the settings specified in cloud-config...
[[0;32m  OK  [0m] Reached target Multi-User System.
[[0;32m  OK  [0m] Reached target Graphical Interface.
         Starting Update UTMP about System Runlevel Changes...
[[0;32m  OK  [0m] Started Update UTMP about System Runlevel Changes.
[[0;32m  OK  [0m] Started Ubuntu Advantage APT and MOTD Messages.
[   14.064529] cloud-init[1279]: Cloud-init v. 21.1-19-gbad84ad4-0ubuntu1~16.04.2 running 'modules:config' at Thu, 28 Nov 2024 17:01:22 +0000. Up 13.98 seconds.
[[0;32m  OK  [0m] Started Apply the settings specified in cloud-config.
         Starting Execute cloud user/final scripts...
[   14.420834] cloud-init[1347]: Cloud-init v. 21.1-19-gbad84ad4-0ubuntu1~16.04.2 running 'modules:final' at Thu, 28 Nov 2024 17:01:22 +0000. Up 14.34 seconds.
[   14.421913] cloud-init[1347]: Cloud-init v. 21.1-19-gbad84ad4-0ubuntu1~16.04.2 finished at Thu, 28 Nov 2024 17:01:23 +0000. Datasource DataSourceNoCloud [seed=/dev/sdb][dsmode=net].  Up 14.41 seconds
[[0;32m  OK  [0m] Started Execute cloud user/final scripts.
[[0;32m  OK  [0m] Reached target Cloud-init target.

Ubuntu 16.04.7 LTS ubuntu-xenial ttyS0

ubuntu-xenial login: 